2022-02-08 16:13:19,877 [INFO] part_1is finished.
2022-02-08 16:16:07,767 [INFO] part_2is finished.
2022-02-08 16:18:39,612 [INFO] part_3is finished.
2022-02-08 16:21:07,613 [INFO] part_4is finished.
2022-02-08 16:22:56,679 [INFO] the_last_part is finished.
2022-02-08 16:32:24,133 [INFO] /Users/wenxing/TTDS/Project 3/part_2.pickle is processing...
2022-02-08 16:32:35,655 [INFO] DB flushing...
2022-02-08 16:32:55,173 [INFO] DB flushed!
2022-02-08 16:32:55,175 [INFO] /Users/wenxing/TTDS/Project 3/part_4.pickle is processing...
2022-02-08 16:33:04,733 [INFO] DB flushing...
2022-02-08 16:33:22,405 [INFO] DB flushed!
2022-02-08 16:33:22,405 [INFO] /Users/wenxing/TTDS/Project 3/the_last_part.pickle is processing...
2022-02-08 16:33:30,344 [INFO] DB flushing...
2022-02-08 16:33:43,175 [INFO] DB flushed!
2022-02-08 16:33:43,176 [INFO] /Users/wenxing/TTDS/Project 3/part_3.pickle is processing...
2022-02-08 16:33:53,675 [INFO] DB flushing...
2022-02-08 16:34:12,203 [INFO] DB flushed!
2022-02-08 16:34:12,205 [INFO] /Users/wenxing/TTDS/Project 3/part_1.pickle is processing...
2022-02-08 16:34:22,051 [INFO] DB flushing...
2022-02-08 16:34:39,308 [INFO] DB flushed!
