2022-03-07 15:36:28,211 [INFO] ../data_functions/data/part_2.pickle is processing...
2022-03-07 15:36:39,816 [INFO] DB flushing...
2022-03-07 15:36:57,228 [INFO] DB flushed!
2022-03-07 15:36:57,228 [INFO] ../data_functions/data/part_4.pickle is processing...
2022-03-07 15:37:06,893 [INFO] DB flushing...
2022-03-07 15:37:24,595 [INFO] DB flushed!
2022-03-07 15:37:24,595 [INFO] ../data_functions/data/the_last_part.pickle is processing...
2022-03-07 15:37:32,390 [INFO] DB flushing...
2022-03-07 15:37:44,675 [INFO] DB flushed!
2022-03-07 15:37:44,676 [INFO] ../data_functions/data/part_3.pickle is processing...
2022-03-07 15:37:54,910 [INFO] DB flushing...
2022-03-07 15:38:13,564 [INFO] DB flushed!
2022-03-07 15:38:13,564 [INFO] ../data_functions/data/part_1.pickle is processing...
2022-03-07 15:38:22,972 [INFO] DB flushing...
2022-03-07 15:38:39,899 [INFO] DB flushed!
2022-03-07 17:28:23,641 [INFO] part_1is finished.
2022-03-07 17:30:54,188 [INFO] part_2is finished.
2022-03-07 17:33:29,941 [INFO] part_3is finished.
2022-03-07 17:36:01,111 [INFO] part_4is finished.
2022-03-07 17:37:53,463 [INFO] the_last_part is finished.
2022-03-07 17:40:16,705 [INFO] ../data_functions/data/part_2.pickle is processing...
2022-03-07 17:40:27,886 [INFO] DB flushing...
2022-03-07 17:40:45,726 [INFO] DB flushed!
2022-03-07 17:40:45,726 [INFO] ../data_functions/data/part_4.pickle is processing...
2022-03-07 17:40:56,171 [INFO] DB flushing...
2022-03-07 17:41:13,864 [INFO] DB flushed!
2022-03-07 17:41:13,864 [INFO] ../data_functions/data/the_last_part.pickle is processing...
2022-03-07 17:41:22,232 [INFO] DB flushing...
2022-03-07 17:41:35,099 [INFO] DB flushed!
2022-03-07 17:41:35,099 [INFO] ../data_functions/data/part_3.pickle is processing...
2022-03-07 17:41:47,012 [INFO] DB flushing...
2022-03-07 17:42:04,831 [INFO] DB flushed!
2022-03-07 17:42:04,831 [INFO] ../data_functions/data/part_1.pickle is processing...
2022-03-07 17:42:15,125 [INFO] DB flushing...
2022-03-07 17:42:32,802 [INFO] DB flushed!
2022-03-07 18:04:49,642 [INFO] ../data_functions/data/part_2.pickle is processing...
2022-03-07 18:05:00,565 [INFO] DB flushing...
2022-03-07 18:05:17,865 [INFO] DB flushed!
2022-03-07 18:05:17,866 [INFO] ../data_functions/data/part_4.pickle is processing...
2022-03-07 18:05:27,941 [INFO] DB flushing...
2022-03-07 18:05:45,327 [INFO] DB flushed!
2022-03-07 18:05:45,328 [INFO] ../data_functions/data/the_last_part.pickle is processing...
2022-03-07 18:05:53,527 [INFO] DB flushing...
2022-03-07 18:06:06,844 [INFO] DB flushed!
2022-03-07 18:06:06,844 [INFO] ../data_functions/data/part_3.pickle is processing...
2022-03-07 18:06:18,875 [INFO] DB flushing...
2022-03-07 18:06:38,091 [INFO] DB flushed!
2022-03-07 18:06:38,092 [INFO] ../data_functions/data/part_1.pickle is processing...
2022-03-07 18:06:48,920 [INFO] DB flushing...
2022-03-07 18:07:06,196 [INFO] DB flushed!
